#
# There is insufficient memory for the Java Runtime Environment to continue.
# Native memory allocation (mmap) failed to map 130023424 bytes for G1 virtual space
# Possible reasons:
#   The system is out of physical RAM or swap space
#   The process is running with CompressedOops enabled, and the Java Heap may be blocking the growth of the native heap
# Possible solutions:
#   Reduce memory load on the system
#   Increase physical memory or swap space
#   Check if swap backing store is full
#   Decrease Java heap size (-Xmx/-Xms)
#   Decrease number of Java threads
#   Decrease Java thread stack sizes (-Xss)
#   Set larger code cache with -XX:ReservedCodeCacheSize=
#   JVM is running with Unscaled Compressed Oops mode in which the Java heap is
#     placed in the first 4GB address space. The Java Heap base address is the
#     maximum limit for the native heap growth. Please use -XX:HeapBaseMinAddress
#     to set the Java Heap base and to place the Java Heap above 4GB virtual address.
# This output file may be truncated or incomplete.
#
#  Out of Memory Error (os_windows.cpp:3548), pid=77436, tid=71448
#
# JRE version:  (17.0.11+7) (build )
# Java VM: Java HotSpot(TM) 64-Bit Server VM (17.0.11+7-LTS-207, mixed mode, emulated-client, sharing, tiered, compressed oops, compressed class ptrs, g1 gc, windows-amd64)
# No core dump will be written. Minidumps are not enabled by default on client versions of Windows
#

---------------  S U M M A R Y ------------

Command Line: -XX:TieredStopAtLevel=1 -Dspring.output.ansi.enabled=always -Dcom.sun.management.jmxremote -Dspring.jmx.enabled=true -Dspring.liveBeansView.mbeanDomain -Dspring.application.admin.enabled=true -Dmanagement.endpoints.jmx.exposure.include=* -javaagent:C:\Program Files\JetBrains\IntelliJ IDEA 2023.2.2\lib\idea_rt.jar=56178:C:\Program Files\JetBrains\IntelliJ IDEA 2023.2.2\bin -Dfile.encoding=UTF-8 com.backend.BackendApplication

Host: 12th Gen Intel(R) Core(TM) i5-1235U, 12 cores, 7G,  Windows 10 , 64 bit Build 19041 (10.0.19041.3636)
Time: Wed Jun 12 18:10:24 2024 GTB Summer Time elapsed time: 0.048765 seconds (0d 0h 0m 0s)

---------------  T H R E A D  ---------------

Current thread (0x00000134ce01b3e0):  JavaThread "Unknown thread" [_thread_in_vm, id=71448, stack(0x0000000da9400000,0x0000000da9500000)]

Stack: [0x0000000da9400000,0x0000000da9500000]
Native frames: (J=compiled Java code, j=interpreted, Vv=VM code, C=native code)
V  [jvm.dll+0x679cca]
V  [jvm.dll+0x7da13d]
V  [jvm.dll+0x7dba83]
V  [jvm.dll+0x7dc0f3]
V  [jvm.dll+0x2449af]
V  [jvm.dll+0x676ce9]
V  [jvm.dll+0x66b852]
V  [jvm.dll+0x3018d6]
V  [jvm.dll+0x308e76]
V  [jvm.dll+0x3596ee]
V  [jvm.dll+0x35991f]
V  [jvm.dll+0x2d89a8]
V  [jvm.dll+0x2d9914]
V  [jvm.dll+0x7ac6b1]
V  [jvm.dll+0x366f61]
V  [jvm.dll+0x78b609]
V  [jvm.dll+0x3ec22f]
V  [jvm.dll+0x3ede61]
C  [jli.dll+0x5297]
C  [ucrtbase.dll+0x21bb2]
C  [KERNEL32.DLL+0x17344]
C  [ntdll.dll+0x526b1]


---------------  P R O C E S S  ---------------

Threads class SMR info:
_java_thread_list=0x00007ffaaa297a18, length=0, elements={
}

Java Threads: ( => current thread )

Other Threads:
  0x00000134ce0747b0 GCTaskThread "GC Thread#0" [stack: 0x0000000da9500000,0x0000000da9600000] [id=26128]
  0x00000134ce084d90 ConcurrentGCThread "G1 Main Marker" [stack: 0x0000000da9600000,0x0000000da9700000] [id=77620]
  0x00000134ce0856b0 ConcurrentGCThread "G1 Conc#0" [stack: 0x0000000da9700000,0x0000000da9800000] [id=2936]

[error occurred during error reporting (printing all threads), id 0xc0000005, EXCEPTION_ACCESS_VIOLATION (0xc0000005) at pc=0x00007ffaa9ac9497]

VM state: not at safepoint (not fully initialized)

VM Mutex/Monitor currently owned by a thread:  ([mutex/lock_event])
[0x00000134ce017170] Heap_lock - owner thread: 0x00000134ce01b3e0

Heap address: 0x0000000084400000, size: 1980 MB, Compressed Oops mode: 32-bit

CDS archive(s) mapped at: [0x0000000000000000-0x0000000000000000-0x0000000000000000), size 0, SharedBaseAddress: 0x0000000800000000, ArchiveRelocationMode: 1.
Narrow klass base: 0x0000000000000000, Narrow klass shift: 0, Narrow klass range: 0x0

GC Precious Log:
<Empty>

Heap:
 garbage-first heap   total 0K, used 0K [0x0000000084400000, 0x0000000100000000)
  region size 1024K, 0 young (0K), 0 survivors (0K)

[error occurred during error reporting (printing heap information), id 0xc0000005, EXCEPTION_ACCESS_VIOLATION (0xc0000005) at pc=0x00007ffaa9eb3559]

GC Heap History (0 events):
No events

Deoptimization events (0 events):
No events

Classes unloaded (0 events):
No events

Classes redefined (0 events):
No events

Internal exceptions (0 events):
No events

VM Operations (0 events):
No events

Events (1 events):
Event: 0.035 Loaded shared library C:\Program Files\Java\jdk-17\bin\java.dll


Dynamic libraries:
0x00007ff67ae00000 - 0x00007ff67ae10000 	C:\Program Files\Java\jdk-17\bin\java.exe
0x00007ffad35d0000 - 0x00007ffad37c8000 	C:\Windows\SYSTEM32\ntdll.dll
0x00007ffad2c60000 - 0x00007ffad2d1d000 	C:\Windows\System32\KERNEL32.DLL
0x00007ffad0cf0000 - 0x00007ffad0fe6000 	C:\Windows\System32\KERNELBASE.dll
0x000000006c0d0000 - 0x000000006c165000 	C:\Windows\System32\SYSFER.DLL
0x00007ffad2740000 - 0x00007ffad27f0000 	C:\Windows\System32\ADVAPI32.dll
0x00007ffad1a90000 - 0x00007ffad1b2e000 	C:\Windows\System32\msvcrt.dll
0x00007ffad2980000 - 0x00007ffad2a20000 	C:\Windows\System32\sechost.dll
0x00007ffad22b0000 - 0x00007ffad23d3000 	C:\Windows\System32\RPCRT4.dll
0x00007ffad1090000 - 0x00007ffad10b7000 	C:\Windows\System32\bcrypt.dll
0x00007ffad1170000 - 0x00007ffad1270000 	C:\Windows\System32\ucrtbase.dll
0x00007ffaaa470000 - 0x00007ffaaa489000 	C:\Program Files\Java\jdk-17\bin\jli.dll
0x00007ffad2ef0000 - 0x00007ffad308f000 	C:\Windows\System32\USER32.dll
0x00007ffad1420000 - 0x00007ffad1442000 	C:\Windows\System32\win32u.dll
0x00007ffab7240000 - 0x00007ffab74da000 	C:\Windows\WinSxS\amd64_microsoft.windows.common-controls_6595b64144ccf1df_6.0.19041.4355_none_60b8b9eb71f62e16\COMCTL32.dll
0x00007ffad2bd0000 - 0x00007ffad2bfb000 	C:\Windows\System32\GDI32.dll
0x00007ffad1270000 - 0x00007ffad1387000 	C:\Windows\System32\gdi32full.dll
0x00007ffad0ff0000 - 0x00007ffad108d000 	C:\Windows\System32\msvcp_win.dll
0x00007ffabd960000 - 0x00007ffabd96a000 	C:\Windows\SYSTEM32\VERSION.dll
0x00007ffaaa450000 - 0x00007ffaaa46b000 	C:\Program Files\Java\jdk-17\bin\VCRUNTIME140.dll
0x00007ffad2eb0000 - 0x00007ffad2ee2000 	C:\Windows\System32\IMM32.DLL
0x00007ffaac4f0000 - 0x00007ffaac4fc000 	C:\Program Files\Java\jdk-17\bin\vcruntime140_1.dll
0x00007ffaaa3c0000 - 0x00007ffaaa44e000 	C:\Program Files\Java\jdk-17\bin\msvcp140.dll
0x00007ffaa97e0000 - 0x00007ffaaa3c0000 	C:\Program Files\Java\jdk-17\bin\server\jvm.dll
0x00007ffad32c0000 - 0x00007ffad32c8000 	C:\Windows\System32\PSAPI.DLL
0x00007ffab3310000 - 0x00007ffab3319000 	C:\Windows\SYSTEM32\WSOCK32.dll
0x00007ffad2d20000 - 0x00007ffad2d8b000 	C:\Windows\System32\WS2_32.dll
0x00007ffac1db0000 - 0x00007ffac1dd7000 	C:\Windows\SYSTEM32\WINMM.dll
0x00007ffacf270000 - 0x00007ffacf282000 	C:\Windows\SYSTEM32\kernel.appcore.dll
0x00007ffaa97d0000 - 0x00007ffaa97da000 	C:\Program Files\Java\jdk-17\bin\jimage.dll
0x00007ffacefa0000 - 0x00007ffacf184000 	C:\Windows\SYSTEM32\DBGHELP.DLL
0x00007ffab70d0000 - 0x00007ffab7104000 	C:\Windows\SYSTEM32\dbgcore.DLL
0x00007ffad1390000 - 0x00007ffad1412000 	C:\Windows\System32\bcryptPrimitives.dll
0x00007ffac5b20000 - 0x00007ffac5b2e000 	C:\Program Files\Java\jdk-17\bin\instrument.dll
0x00007ffaa97a0000 - 0x00007ffaa97c5000 	C:\Program Files\Java\jdk-17\bin\java.dll

dbghelp: loaded successfully - version: 4.0.5 - missing functions: none
symbol engine: initialized successfully - sym options: 0x614 - pdb path: .;C:\Program Files\Java\jdk-17\bin;C:\Windows\SYSTEM32;C:\Windows\WinSxS\amd64_microsoft.windows.common-controls_6595b64144ccf1df_6.0.19041.4355_none_60b8b9eb71f62e16;C:\Program Files\Java\jdk-17\bin\server

VM Arguments:
jvm_args: -XX:TieredStopAtLevel=1 -Dspring.output.ansi.enabled=always -Dcom.sun.management.jmxremote -Dspring.jmx.enabled=true -Dspring.liveBeansView.mbeanDomain -Dspring.application.admin.enabled=true -Dmanagement.endpoints.jmx.exposure.include=* -javaagent:C:\Program Files\JetBrains\IntelliJ IDEA 2023.2.2\lib\idea_rt.jar=56178:C:\Program Files\JetBrains\IntelliJ IDEA 2023.2.2\bin -Dfile.encoding=UTF-8 
java_command: com.backend.BackendApplication
java_class_path (initial): C:\Users\mihaist\Personal\Facultate\Sem II\Licenta_\backend\target\classes;C:\Users\mihaist\.m2\repository\org\springframework\boot\spring-boot-starter-data-jpa\3.3.0\spring-boot-starter-data-jpa-3.3.0.jar;C:\Users\mihaist\.m2\repository\org\springframework\boot\spring-boot-starter-aop\3.3.0\spring-boot-starter-aop-3.3.0.jar;C:\Users\mihaist\.m2\repository\org\aspectj\aspectjweaver\1.9.22\aspectjweaver-1.9.22.jar;C:\Users\mihaist\.m2\repository\org\springframework\boot\spring-boot-starter-jdbc\3.3.0\spring-boot-starter-jdbc-3.3.0.jar;C:\Users\mihaist\.m2\repository\com\zaxxer\HikariCP\5.1.0\HikariCP-5.1.0.jar;C:\Users\mihaist\.m2\repository\org\springframework\spring-jdbc\6.1.8\spring-jdbc-6.1.8.jar;C:\Users\mihaist\.m2\repository\org\hibernate\orm\hibernate-core\6.5.2.Final\hibernate-core-6.5.2.Final.jar;C:\Users\mihaist\.m2\repository\jakarta\persistence\jakarta.persistence-api\3.1.0\jakarta.persistence-api-3.1.0.jar;C:\Users\mihaist\.m2\repository\jakarta\transaction\jakarta.transaction-api\2.0.1\jakarta.transaction-api-2.0.1.jar;C:\Users\mihaist\.m2\repository\org\jboss\logging\jboss-logging\3.5.3.Final\jboss-logging-3.5.3.Final.jar;C:\Users\mihaist\.m2\repository\org\hibernate\common\hibernate-commons-annotations\6.0.6.Final\hibernate-commons-annotations-6.0.6.Final.jar;C:\Users\mihaist\.m2\repository\io\smallrye\jandex\3.1.2\jandex-3.1.2.jar;C:\Users\mihaist\.m2\repository\com\fasterxml\classmate\1.7.0\classmate-1.7.0.jar;C:\Users\mihaist\.m2\repository\net\bytebuddy\byte-buddy\1.14.16\byte-buddy-1.14.16.jar;C:\Users\mihaist\.m2\repository\org\glassfish\jaxb\jaxb-runtime\4.0.5\jaxb-runtime-4.0.5.jar;C:\Users\mihaist\.m2\repository\org\glassfish\jaxb\jaxb-core\4.0.5\jaxb-core-4.0.5.jar;C:\Users\mihaist\.m2\repository\jakarta\activation\jakarta.activation-api\2.1.3\jakarta.activation-api-2.1.3.jar;C:\Users\mihaist\.m2\repository\org\eclipse\angus\angus-activation\2.0.2\angus-activation-2.0.2.jar;C:\Users\mihaist\.m2\repository\org\gl
Launcher Type: SUN_STANDARD

[Global flags]
     intx CICompilerCount                          = 4                                         {product} {ergonomic}
     uint ConcGCThreads                            = 3                                         {product} {ergonomic}
     uint G1ConcRefinementThreads                  = 10                                        {product} {ergonomic}
   size_t G1HeapRegionSize                         = 1048576                                   {product} {ergonomic}
    uintx GCDrainStackTargetSize                   = 64                                        {product} {ergonomic}
   size_t InitialHeapSize                          = 130023424                                 {product} {ergonomic}
     bool ManagementServer                         = true                                      {product} {command line}
   size_t MarkStackSize                            = 4194304                                   {product} {ergonomic}
   size_t MaxHeapSize                              = 2076180480                                {product} {ergonomic}
   size_t MinHeapDeltaBytes                        = 1048576                                   {product} {ergonomic}
   size_t MinHeapSize                              = 8388608                                   {product} {ergonomic}
    uintx NonProfiledCodeHeapSize                  = 0                                      {pd product} {ergonomic}
     bool ProfileInterpreter                       = false                                  {pd product} {command line}
    uintx ProfiledCodeHeapSize                     = 0                                      {pd product} {ergonomic}
   size_t SoftMaxHeapSize                          = 2076180480                             {manageable} {ergonomic}
     intx TieredStopAtLevel                        = 1                                         {product} {command line}
     bool UseCompressedClassPointers               = true                           {product lp64_product} {ergonomic}
     bool UseCompressedOops                        = true                           {product lp64_product} {ergonomic}
     bool UseG1GC                                  = true                                      {product} {ergonomic}
     bool UseLargePagesIndividualAllocation        = false                                  {pd product} {ergonomic}

Logging:
Log output configuration:
 #0: stdout all=warning uptime,level,tags
 #1: stderr all=off uptime,level,tags

Environment Variables:
JAVA_HOME=C:\Program Files\Java\jdk-19
PATH=C:\Program Files\Java\jdk-19\bin;C:\Program Files\Common Files\Oracle\Java\javapath;C:\Windows\system32;C:\Windows;C:\Windows\System32\Wbem;C:\Windows\System32\WindowsPowerShell\v1.0\;C:\Windows\System32\OpenSSH\;C:\ProgramData\chocolatey\bin;C:\Program Files\PuTTY\;C:\Program Files\Git\cmd;C:\Program Files\apache-maven-3.9.4\bin;C:\Program Files\dotnet\;C:\Program Files\Docker\Docker\resources\bin;C:\Users\mihaist\AppData\Roaming\npm;C:\Program Files\MySQL\MySQL Shell 8.0\bin\;C:\Users\mihaist\AppData\Local\Programs\Python\Launcher\;C:\Users\mihaist\AppData\Local\Microsoft\WindowsApps;C:\Users\mihaist\Microsoft VS Code\bin;C:\Program Files\liquibase;C:\Users\mihaist\.dotnet\tools;C:\Program Files\JetBrains\PyCharm 2023.3.4\bin;;C:\Work_Folder\ipa-online\ipa-online\frontend-ipaonline\node;
USERNAME=mihaist
OS=Windows_NT
PROCESSOR_IDENTIFIER=Intel64 Family 6 Model 154 Stepping 4, GenuineIntel



---------------  S Y S T E M  ---------------

OS:
 Windows 10 , 64 bit Build 19041 (10.0.19041.3636)
OS uptime: 2 days 4:10 hours
Hyper-V role detected

CPU: total 12 (initial active 12) (6 cores per cpu, 2 threads per core) family 6 model 154 stepping 4 microcode 0x424, cx8, cmov, fxsr, ht, mmx, 3dnowpref, sse, sse2, sse3, ssse3, sse4.1, sse4.2, popcnt, lzcnt, tsc, tscinvbit, avx, avx2, aes, erms, clmul, bmi1, bmi2, adx, sha, fma, vzeroupper, clflush, clflushopt, clwb, hv

Memory: 4k page, system-wide physical 7916M (182M free)
TotalPageFile size 32492M (AvailPageFile size 83M)
current process WorkingSet (physical memory assigned to process): 11M, peak: 11M
current process commit charge ("private bytes"): 59M, peak: 183M

vm_info: Java HotSpot(TM) 64-Bit Server VM (17.0.11+7-LTS-207) for windows-amd64 JRE (17.0.11+7-LTS-207), built on Mar 11 2024 19:01:50 by "mach5one" with MS VC++ 17.6 (VS2022)

END.
